TN:
SF:lib/chat/conversation.dart
FNF:0
FNH:0
DA:14,5
DA:18,1
DA:19,1
DA:51,1
DA:53,1
DA:56,3
DA:60,1
DA:63,1
DA:64,2
DA:65,1
DA:71,1
DA:72,1
DA:76,2
DA:77,0
DA:78,0
DA:79,0
DA:81,0
DA:82,0
DA:84,0
DA:85,0
DA:87,0
DA:88,0
DA:95,1
DA:96,1
DA:98,2
DA:99,0
DA:100,0
DA:101,0
DA:103,1
DA:108,1
DA:109,2
DA:110,1
DA:113,1
DA:114,1
DA:115,2
DA:116,2
DA:122,1
DA:124,1
DA:125,1
DA:126,2
DA:130,1
DA:132,1
DA:134,2
DA:135,1
DA:138,1
DA:141,3
DA:146,1
DA:147,2
DA:149,4
DA:150,1
DA:151,3
DA:155,1
DA:156,1
DA:157,3
DA:159,1
DA:166,2
DA:169,1
DA:170,1
DA:171,2
DA:174,2
DA:177,1
DA:179,1
DA:182,1
DA:183,1
DA:184,2
DA:185,2
DA:186,2
DA:189,1
DA:193,1
DA:195,1
DA:196,1
DA:203,1
DA:204,1
DA:205,1
DA:208,1
DA:209,1
DA:210,1
DA:212,1
DA:213,1
DA:215,3
DA:219,1
DA:220,1
DA:221,0
DA:226,1
DA:228,2
DA:229,1
DA:234,1
DA:238,1
DA:254,1
DA:256,1
DA:257,1
DA:266,2
DA:267,1
DA:269,1
DA:270,1
DA:287,1
DA:288,1
DA:302,3
DA:303,1
DA:304,2
DA:305,2
DA:306,3
DA:307,1
DA:308,1
DA:309,0
DA:311,0
DA:314,0
DA:316,1
DA:317,1
DA:318,1
DA:321,1
DA:331,1
DA:341,1
DA:351,1
DA:355,1
DA:363,1
DA:364,1
DA:379,1
DA:380,2
DA:381,1
DA:386,1
DA:387,1
DA:389,1
DA:390,3
DA:393,2
DA:394,2
DA:395,1
DA:400,1
DA:402,1
DA:404,1
DA:409,1
DA:410,1
DA:411,1
DA:412,1
DA:413,1
DA:414,1
DA:422,1
DA:423,3
DA:432,1
DA:433,1
DA:439,1
DA:440,1
DA:441,3
DA:442,3
DA:451,1
DA:452,1
DA:453,1
DA:454,1
DA:455,1
DA:457,1
DA:463,1
DA:465,1
DA:469,1
DA:471,1
DA:472,3
DA:473,1
DA:476,1
DA:485,1
DA:486,1
DA:492,1
DA:493,2
LF:161
LH:145
end_of_record
TN:
SF:lib/chat/microphone_circle.dart
FNF:0
FNH:0
DA:6,2
DA:10,2
DA:18,2
DA:20,2
DA:26,2
DA:27,2
DA:28,2
DA:31,2
LF:8
LH:8
end_of_record
TN:
SF:lib/chat/speech_processing.dart
FNF:0
FNH:0
DA:5,3
DA:12,1
DA:13,1
DA:29,3
DA:32,3
DA:35,0
DA:38,1
DA:39,2
DA:40,2
DA:43,1
DA:48,1
DA:49,2
DA:51,3
DA:53,3
DA:54,3
DA:55,3
DA:57,1
DA:61,1
DA:62,2
DA:64,3
DA:65,0
DA:66,0
DA:67,0
DA:72,1
DA:76,1
DA:77,1
DA:79,1
DA:81,4
DA:82,0
DA:85,1
DA:91,1
DA:92,1
DA:94,1
DA:96,2
DA:97,0
DA:98,0
DA:99,0
DA:101,0
DA:109,1
DA:114,1
DA:115,1
DA:117,3
LF:42
LH:33
end_of_record
TN:
SF:lib/handler/conversation_handler.dart
FNF:0
FNH:0
DA:9,2
DA:10,2
DA:17,2
DA:18,2
DA:25,4
DA:34,2
DA:35,4
DA:36,6
DA:37,6
DA:38,6
DA:39,6
DA:43,4
DA:58,2
DA:61,6
DA:63,2
DA:65,2
DA:70,1
DA:71,2
DA:82,1
DA:84,4
DA:86,1
DA:87,1
DA:88,1
DA:89,1
DA:90,3
DA:91,1
DA:94,0
DA:95,0
LF:28
LH:26
end_of_record
TN:
SF:lib/handler/notification_handler.dart
FNF:0
FNH:0
DA:15,1
DA:21,1
DA:22,1
DA:29,2
DA:39,1
DA:42,3
DA:44,1
DA:45,0
DA:46,0
DA:53,1
DA:54,2
DA:80,1
DA:81,1
DA:88,4
DA:90,1
DA:94,1
DA:95,1
DA:105,3
DA:108,1
DA:109,2
DA:118,0
DA:120,0
DA:121,0
DA:122,0
DA:123,0
DA:130,1
DA:131,1
DA:132,3
DA:133,3
DA:142,1
DA:148,1
DA:149,2
DA:152,1
DA:153,1
DA:154,1
DA:155,1
DA:156,1
DA:157,1
DA:158,1
DA:159,1
DA:163,1
DA:164,1
DA:172,3
DA:173,1
DA:174,1
DA:177,1
DA:183,1
DA:190,1
DA:193,3
DA:195,2
LF:50
LH:43
end_of_record
TN:
SF:lib/handler/storage_handler.dart
FNF:0
FNH:0
DA:12,0
DA:15,3
DA:21,2
DA:24,3
DA:25,3
DA:26,6
DA:29,3
DA:30,9
DA:39,3
DA:41,6
DA:43,6
DA:45,3
DA:46,6
DA:47,3
DA:48,2
DA:49,4
DA:51,3
DA:52,6
DA:55,6
DA:58,2
DA:66,3
DA:69,3
DA:70,2
DA:71,3
DA:72,6
DA:73,2
DA:74,2
DA:75,2
DA:76,0
DA:77,2
DA:78,4
DA:79,2
DA:80,3
DA:81,2
DA:82,3
DA:85,1
DA:90,3
DA:91,6
DA:97,2
DA:98,2
DA:100,4
DA:107,2
DA:108,2
DA:110,4
DA:115,2
DA:118,2
DA:120,2
DA:122,2
DA:123,6
DA:127,4
DA:128,4
DA:131,2
DA:132,2
DA:136,2
DA:138,2
DA:139,2
DA:140,2
DA:141,2
DA:142,2
DA:143,2
DA:144,2
DA:145,2
DA:152,1
DA:155,2
DA:157,2
DA:165,2
DA:166,4
DA:172,1
DA:173,1
DA:176,0
DA:178,1
DA:181,1
DA:185,1
DA:186,3
DA:187,1
DA:192,2
DA:193,2
DA:194,4
DA:195,2
DA:196,2
DA:199,2
DA:200,2
DA:203,2
DA:213,0
DA:255,4
DA:273,6
DA:276,3
DA:278,3
DA:281,3
DA:287,3
DA:288,3
DA:290,3
DA:292,3
DA:293,3
DA:299,3
DA:312,9
DA:314,3
DA:315,3
DA:330,3
DA:331,3
DA:334,3
DA:335,3
DA:343,3
DA:346,3
DA:352,2
DA:353,10
DA:354,2
DA:355,12
DA:360,2
DA:361,2
DA:362,10
DA:367,1
DA:383,1
DA:400,2
DA:411,2
LF:115
LH:111
end_of_record
TN:
SF:lib/home/home_widget.dart
FNF:0
FNH:0
DA:10,4
DA:12,2
DA:13,2
DA:17,2
DA:19,2
DA:20,2
DA:23,2
DA:24,2
DA:26,2
DA:27,2
DA:28,2
DA:31,2
DA:36,2
DA:37,2
DA:38,4
DA:39,2
DA:49,2
DA:51,2
DA:52,2
DA:53,2
DA:54,2
DA:55,2
DA:61,2
DA:62,2
DA:63,2
DA:64,2
DA:72,2
DA:73,2
DA:77,8
DA:85,2
DA:86,2
DA:87,2
DA:88,2
DA:89,2
DA:90,2
DA:97,2
DA:99,2
DA:110,2
DA:111,2
DA:113,2
DA:116,2
DA:117,2
DA:119,2
DA:127,2
DA:128,2
DA:129,2
DA:130,2
DA:133,2
DA:139,2
DA:140,1
DA:141,1
DA:143,1
DA:144,1
DA:146,1
DA:148,2
DA:150,2
DA:155,2
DA:156,2
DA:157,2
DA:158,2
DA:175,2
DA:181,2
DA:195,2
DA:197,2
DA:198,4
DA:199,4
DA:200,2
DA:201,2
DA:204,2
DA:212,4
DA:214,2
DA:217,2
DA:220,2
DA:225,2
DA:233,6
DA:234,1
DA:235,1
DA:236,1
DA:246,2
DA:247,2
DA:259,2
DA:260,1
DA:263,1
DA:264,1
DA:266,1
DA:267,1
DA:268,1
DA:269,2
DA:270,1
DA:277,1
DA:279,1
DA:280,1
DA:281,2
DA:287,1
DA:288,1
DA:289,3
DA:290,1
DA:291,1
DA:304,1
DA:305,1
DA:310,2
DA:311,2
DA:314,2
DA:316,2
DA:317,2
DA:319,2
DA:322,2
DA:337,2
DA:339,2
DA:341,4
DA:342,2
DA:346,2
DA:350,2
DA:354,4
DA:355,2
DA:359,2
DA:363,4
DA:364,2
DA:368,2
LF:119
LH:119
end_of_record
TN:
SF:lib/main.dart
FNF:0
FNH:0
DA:11,6
DA:14,1
DA:16,2
DA:17,1
DA:18,2
DA:21,2
DA:24,1
DA:29,4
DA:31,2
DA:33,2
DA:35,2
DA:36,2
DA:40,2
DA:48,3
DA:50,2
DA:51,2
DA:58,2
DA:60,2
DA:61,2
DA:65,2
DA:67,0
DA:69,0
DA:81,2
DA:82,2
DA:83,1
DA:84,1
DA:85,1
DA:86,2
DA:88,1
DA:89,4
DA:90,2
DA:94,2
DA:96,2
DA:99,8
DA:102,2
DA:107,2
DA:109,2
DA:110,2
DA:111,2
DA:115,2
DA:120,4
DA:123,2
DA:124,2
DA:125,4
LF:44
LH:42
end_of_record
TN:
SF:lib/settings/linked_settings_tile.dart
FNF:0
FNH:0
DA:11,3
DA:30,4
DA:38,1
DA:59,1
DA:61,1
DA:62,1
DA:63,1
DA:64,1
DA:65,1
DA:66,1
DA:67,1
DA:74,1
DA:82,1
DA:103,1
DA:104,1
DA:117,1
DA:120,1
DA:121,2
DA:122,4
DA:124,3
DA:125,3
DA:126,3
DA:127,2
DA:128,3
DA:129,1
DA:130,1
DA:132,5
DA:134,3
DA:135,4
DA:138,1
DA:143,1
DA:144,3
DA:146,2
DA:147,3
DA:150,2
DA:153,1
DA:155,2
DA:156,1
DA:157,1
DA:158,1
DA:159,1
DA:160,1
DA:161,1
DA:162,1
DA:163,1
DA:164,1
DA:165,1
DA:170,1
DA:171,3
DA:173,1
DA:174,1
DA:175,1
DA:176,2
DA:178,1
DA:183,1
DA:184,1
DA:185,1
DA:186,1
DA:187,2
DA:188,1
DA:189,1
DA:190,1
DA:192,1
DA:199,1
DA:200,1
DA:201,1
DA:202,1
DA:203,2
DA:204,1
DA:205,1
DA:206,1
DA:209,0
DA:210,0
DA:218,1
DA:219,3
DA:221,1
DA:222,1
DA:223,1
DA:224,2
DA:225,1
DA:226,1
DA:228,1
DA:229,2
DA:231,1
DA:239,1
DA:240,3
DA:242,1
DA:244,2
DA:245,1
DA:246,1
DA:249,1
DA:250,1
DA:254,1
DA:255,1
DA:256,1
DA:257,2
DA:258,1
DA:261,1
DA:269,1
DA:271,1
DA:276,1
DA:277,1
DA:281,1
DA:284,9
DA:286,1
DA:287,1
DA:299,1
DA:300,1
DA:301,1
DA:302,1
DA:303,1
DA:304,1
DA:306,4
DA:307,1
DA:317,1
DA:319,1
DA:322,2
LF:117
LH:115
end_of_record
TN:
SF:lib/settings/location_search_widget.dart
FNF:0
FNH:0
DA:7,1
DA:15,1
DA:35,1
DA:36,1
DA:54,1
DA:56,2
DA:61,2
DA:63,6
DA:64,1
DA:65,1
DA:67,1
DA:71,2
DA:74,1
DA:75,1
DA:77,1
DA:80,1
DA:83,1
DA:85,2
DA:86,2
DA:87,1
DA:90,1
DA:91,1
DA:93,3
DA:94,1
DA:95,1
DA:100,1
DA:101,1
DA:102,1
DA:103,1
DA:104,1
DA:105,2
DA:106,1
DA:109,1
DA:110,1
DA:111,1
DA:116,1
DA:117,1
DA:118,1
DA:119,2
DA:120,1
DA:123,1
DA:124,2
DA:125,1
DA:136,1
DA:137,1
DA:138,1
DA:139,1
DA:140,1
DA:141,1
DA:142,1
DA:143,1
DA:144,1
DA:145,4
DA:147,1
DA:148,1
DA:149,0
DA:151,2
DA:153,1
DA:154,2
DA:155,1
DA:156,2
DA:163,1
DA:164,1
DA:166,0
DA:173,1
DA:174,1
DA:175,1
DA:177,1
DA:179,2
DA:180,1
DA:181,1
DA:183,2
DA:185,0
DA:186,0
DA:187,6
DA:190,1
DA:193,6
DA:205,1
DA:206,1
DA:207,2
DA:214,1
DA:225,1
DA:229,1
DA:230,1
DA:231,2
DA:234,2
DA:236,2
DA:239,3
DA:241,3
DA:243,3
DA:245,0
DA:246,0
DA:247,0
DA:251,1
DA:255,1
DA:256,1
DA:257,1
DA:258,1
DA:259,1
DA:260,1
DA:261,1
DA:262,1
DA:263,1
DA:264,1
DA:265,1
DA:266,1
DA:267,1
DA:268,1
DA:272,3
DA:273,1
DA:274,3
DA:278,3
DA:279,2
DA:280,2
DA:283,2
DA:286,3
DA:287,4
LF:117
LH:110
end_of_record
TN:
SF:lib/settings/notification_settings.dart
FNF:0
FNH:0
DA:11,3
DA:13,1
DA:14,1
DA:18,1
DA:20,1
DA:22,2
DA:23,1
DA:24,1
DA:25,2
DA:26,1
DA:27,1
DA:33,1
DA:37,1
DA:39,1
DA:41,1
DA:42,1
DA:44,0
DA:55,1
DA:60,1
DA:64,1
DA:68,1
DA:72,1
DA:78,1
DA:80,1
DA:81,1
DA:85,2
DA:87,1
DA:88,3
DA:90,1
DA:91,1
DA:92,1
DA:93,1
DA:94,1
DA:95,1
DA:97,1
DA:98,1
DA:99,2
DA:102,1
DA:103,2
DA:113,1
DA:114,0
DA:116,0
DA:117,0
DA:118,0
DA:119,0
DA:120,0
LF:46
LH:39
end_of_record
TN:
SF:lib/settings/preference_settings.dart
FNF:0
FNH:0
DA:10,3
DA:12,1
DA:13,1
DA:19,1
DA:21,1
DA:25,1
DA:27,1
DA:28,2
DA:29,1
DA:30,1
DA:32,1
DA:35,1
DA:41,1
DA:51,1
DA:52,2
DA:82,1
DA:83,2
DA:113,1
DA:114,2
DA:115,1
DA:116,1
DA:118,1
DA:121,1
DA:136,1
DA:142,1
DA:143,2
DA:144,1
DA:145,1
DA:146,1
DA:147,1
DA:148,1
DA:149,1
DA:154,2
DA:158,1
LF:34
LH:34
end_of_record
TN:
SF:lib/settings/settings.dart
FNF:0
FNH:0
DA:12,3
DA:14,2
DA:15,2
DA:19,2
DA:21,2
DA:22,2
DA:23,2
DA:37,2
DA:38,2
DA:39,2
DA:41,2
DA:42,2
DA:44,2
DA:59,2
DA:60,2
DA:61,2
DA:70,2
DA:74,2
DA:75,2
DA:77,2
DA:78,2
DA:81,1
DA:82,1
DA:84,1
DA:85,2
DA:87,1
DA:93,2
DA:96,1
DA:97,1
DA:99,1
DA:100,1
DA:108,2
DA:111,1
DA:112,1
DA:114,1
DA:115,1
DA:125,2
DA:127,2
DA:128,2
DA:130,0
DA:146,4
DA:147,1
DA:155,1
DA:156,1
DA:160,1
DA:162,1
DA:163,1
DA:164,1
DA:165,2
DA:178,2
LF:50
LH:49
end_of_record
TN:
SF:lib/settings/user_settings.dart
FNF:0
FNH:0
DA:5,2
DA:9,1
DA:11,3
DA:12,3
DA:13,4
DA:16,1
DA:17,1
DA:21,1
DA:22,1
LF:9
LH:9
end_of_record
TN:
SF:lib/util.dart
FNF:0
FNH:0
DA:13,3
DA:29,1
DA:31,1
DA:33,1
DA:35,1
DA:37,1
DA:46,2
DA:47,2
DA:48,6
DA:54,2
DA:72,3
DA:73,6
DA:75,3
DA:77,3
DA:78,2
LF:15
LH:15
end_of_record
