TN:
SF:lib/chat/conversation.dart
FNF:0
FNH:0
DA:14,5
DA:18,1
DA:19,1
DA:52,1
DA:54,1
DA:57,3
DA:61,1
DA:64,1
DA:65,2
DA:66,1
DA:72,1
DA:73,1
DA:76,2
DA:77,0
DA:78,0
DA:79,0
DA:81,0
DA:82,0
DA:84,0
DA:85,0
DA:87,0
DA:88,0
DA:95,1
DA:96,1
DA:98,2
DA:99,0
DA:100,0
DA:101,0
DA:103,1
DA:108,1
DA:109,2
DA:110,1
DA:113,1
DA:114,1
DA:115,2
DA:116,2
DA:122,1
DA:124,1
DA:125,1
DA:126,2
DA:130,1
DA:132,1
DA:134,2
DA:135,1
DA:138,1
DA:141,3
DA:146,1
DA:147,2
DA:149,4
DA:150,1
DA:151,3
DA:155,1
DA:156,1
DA:157,3
DA:159,1
DA:161,3
DA:166,2
DA:169,1
DA:170,1
DA:171,2
DA:174,2
DA:177,1
DA:179,1
DA:182,1
DA:183,1
DA:184,2
DA:185,2
DA:186,2
DA:189,1
DA:193,1
DA:195,1
DA:196,1
DA:203,1
DA:204,1
DA:205,1
DA:208,1
DA:209,1
DA:210,1
DA:212,1
DA:213,1
DA:215,3
DA:219,1
DA:220,1
DA:221,0
DA:226,1
DA:228,2
DA:229,1
DA:234,1
DA:238,1
DA:254,1
DA:256,1
DA:257,1
DA:266,2
DA:267,1
DA:269,1
DA:270,1
DA:287,0
DA:288,0
DA:292,0
DA:293,0
DA:294,0
DA:295,0
DA:296,0
DA:297,0
DA:298,0
DA:299,0
DA:301,0
DA:304,0
DA:306,0
DA:307,0
DA:308,0
DA:311,0
DA:321,0
DA:329,0
DA:338,1
DA:342,1
DA:350,1
DA:351,1
DA:366,1
DA:367,2
DA:368,1
DA:373,1
DA:374,1
DA:376,1
DA:377,3
DA:380,2
DA:381,2
DA:382,1
DA:387,1
DA:389,1
DA:391,1
DA:396,1
DA:397,1
DA:398,1
DA:399,1
DA:400,1
DA:401,1
DA:409,1
DA:410,3
DA:419,1
DA:420,1
DA:426,1
DA:427,1
DA:428,3
DA:429,3
DA:438,1
DA:439,1
DA:440,1
DA:441,1
DA:442,1
DA:444,1
DA:450,1
DA:452,1
DA:456,1
DA:458,1
DA:459,3
DA:460,1
DA:463,1
DA:472,1
DA:473,1
DA:479,1
DA:480,2
LF:162
LH:131
end_of_record
TN:
SF:lib/chat/microphone_circle.dart
FNF:0
FNH:0
DA:6,2
DA:10,2
DA:18,2
DA:20,2
DA:26,2
DA:27,2
DA:28,2
DA:31,2
LF:8
LH:8
end_of_record
TN:
SF:lib/chat/speech_processing.dart
FNF:0
FNH:0
DA:5,3
DA:12,1
DA:13,1
DA:29,3
DA:32,3
DA:35,0
DA:38,1
DA:39,2
DA:40,2
DA:43,1
DA:48,1
DA:49,2
DA:51,3
DA:53,3
DA:54,3
DA:55,3
DA:58,1
DA:62,1
DA:63,2
DA:65,3
DA:66,0
DA:67,0
DA:68,0
DA:70,0
DA:71,0
DA:73,0
DA:79,1
DA:83,1
DA:84,1
DA:86,1
DA:88,3
DA:89,0
DA:92,0
DA:98,1
DA:99,1
DA:101,1
DA:103,2
DA:104,0
DA:105,0
DA:106,0
DA:108,0
DA:116,1
DA:121,1
DA:122,1
DA:124,3
LF:45
LH:32
end_of_record
TN:
SF:lib/handler/conversation_handler.dart
FNF:0
FNH:0
DA:9,2
DA:10,2
DA:17,2
DA:18,2
DA:25,4
DA:34,2
DA:35,4
DA:37,6
DA:38,6
DA:39,6
DA:40,6
DA:54,2
DA:56,6
DA:58,2
DA:60,2
DA:64,1
DA:65,2
DA:76,1
DA:79,4
DA:81,1
DA:82,1
DA:83,1
DA:84,1
DA:85,3
DA:86,1
LF:25
LH:25
end_of_record
TN:
SF:lib/handler/notification_handler.dart
FNF:0
FNH:0
DA:15,1
DA:21,1
DA:22,1
DA:29,2
DA:39,1
DA:42,3
DA:44,1
DA:45,0
DA:46,0
DA:53,1
DA:54,2
DA:80,1
DA:81,1
DA:88,4
DA:90,1
DA:94,1
DA:95,1
DA:105,3
DA:108,1
DA:109,2
DA:111,3
DA:112,4
DA:118,0
DA:120,0
DA:121,0
DA:122,0
DA:123,0
DA:130,1
DA:131,1
DA:132,3
DA:133,3
DA:142,1
DA:149,1
DA:150,2
DA:151,1
DA:152,1
DA:153,1
DA:154,1
DA:155,1
DA:156,1
DA:157,1
DA:158,1
DA:161,1
DA:162,1
DA:168,1
DA:169,3
DA:172,3
DA:173,1
DA:174,1
DA:177,1
DA:183,1
DA:190,1
DA:192,3
DA:193,3
DA:195,2
LF:55
LH:48
end_of_record
TN:
SF:lib/handler/storage_handler.dart
FNF:0
FNH:0
DA:13,0
DA:16,3
DA:22,1
DA:25,3
DA:26,3
DA:27,6
DA:30,3
DA:31,9
DA:40,3
DA:42,6
DA:44,6
DA:46,3
DA:47,6
DA:48,3
DA:49,2
DA:50,4
DA:52,3
DA:53,3
DA:56,6
DA:59,3
DA:67,3
DA:70,3
DA:71,4
DA:72,3
DA:73,6
DA:74,3
DA:75,0
DA:76,3
DA:77,0
DA:78,3
DA:79,6
DA:80,2
DA:81,3
DA:82,2
DA:83,6
DA:86,1
DA:91,3
DA:92,6
DA:98,2
DA:99,2
DA:101,4
DA:108,2
DA:109,2
DA:111,4
DA:116,2
DA:119,2
DA:121,2
DA:123,2
DA:124,6
DA:128,4
DA:129,4
DA:132,2
DA:133,2
DA:137,2
DA:139,2
DA:140,2
DA:141,2
DA:142,2
DA:143,2
DA:144,2
DA:145,2
DA:146,2
DA:153,1
DA:156,2
DA:158,2
DA:166,1
DA:167,2
DA:173,0
DA:174,0
DA:177,0
DA:179,0
DA:182,0
DA:186,0
DA:187,0
DA:188,0
DA:193,2
DA:194,2
DA:195,4
DA:196,2
DA:197,2
DA:200,2
DA:201,2
DA:204,2
DA:214,0
DA:254,4
DA:269,6
DA:272,3
DA:277,3
DA:278,3
DA:279,3
DA:280,3
DA:281,6
DA:286,9
DA:288,3
DA:289,3
DA:304,3
DA:305,3
DA:308,3
DA:309,3
DA:310,3
DA:315,3
DA:318,3
DA:324,2
DA:325,10
DA:326,2
DA:327,12
DA:332,2
DA:333,2
DA:334,10
DA:340,0
LF:110
LH:97
end_of_record
TN:
SF:lib/home/home_widget.dart
FNF:0
FNH:0
DA:10,4
DA:12,2
DA:13,2
DA:17,2
DA:19,2
DA:20,2
DA:23,2
DA:24,2
DA:26,2
DA:27,2
DA:28,2
DA:31,2
DA:36,2
DA:37,2
DA:38,4
DA:39,2
DA:49,2
DA:51,2
DA:52,2
DA:53,2
DA:54,2
DA:55,2
DA:61,2
DA:62,2
DA:63,2
DA:64,2
DA:72,2
DA:73,2
DA:77,8
DA:85,2
DA:86,2
DA:87,2
DA:88,2
DA:89,2
DA:90,2
DA:97,2
DA:99,2
DA:110,2
DA:111,2
DA:113,2
DA:116,2
DA:117,2
DA:119,2
DA:127,2
DA:128,2
DA:129,2
DA:130,2
DA:133,2
DA:139,2
DA:140,1
DA:141,1
DA:143,1
DA:144,1
DA:146,1
DA:148,2
DA:150,2
DA:155,2
DA:156,2
DA:157,2
DA:158,2
DA:175,2
DA:181,2
DA:195,2
DA:197,2
DA:198,4
DA:199,4
DA:200,2
DA:201,2
DA:204,2
DA:212,4
DA:222,2
DA:225,2
DA:228,2
DA:233,2
DA:241,6
DA:242,1
DA:243,1
DA:244,1
DA:254,2
DA:255,2
DA:267,2
DA:268,1
DA:271,1
DA:272,1
DA:274,1
DA:275,1
DA:276,1
DA:277,2
DA:278,1
DA:285,1
DA:287,1
DA:288,1
DA:289,2
DA:295,1
DA:296,1
DA:297,3
DA:298,1
DA:299,1
DA:312,1
DA:313,1
DA:318,2
DA:319,2
DA:322,2
DA:324,2
DA:325,2
DA:327,2
DA:330,2
DA:345,2
DA:347,2
DA:349,4
DA:350,2
DA:354,2
DA:358,2
DA:362,4
DA:363,2
DA:367,2
DA:371,4
DA:372,2
DA:376,2
LF:119
LH:119
end_of_record
TN:
SF:lib/main.dart
FNF:0
FNH:0
DA:11,6
DA:14,1
DA:16,2
DA:17,1
DA:18,2
DA:21,2
DA:24,1
DA:29,4
DA:31,2
DA:33,2
DA:35,2
DA:36,2
DA:40,2
DA:48,3
DA:50,2
DA:51,2
DA:58,2
DA:60,2
DA:61,2
DA:65,2
DA:67,0
DA:69,0
DA:81,2
DA:82,2
DA:83,1
DA:84,1
DA:85,1
DA:86,2
DA:88,1
DA:89,4
DA:90,2
DA:94,2
DA:96,2
DA:99,8
DA:102,2
DA:107,2
DA:109,2
DA:110,2
DA:111,2
DA:115,2
DA:120,4
DA:123,2
DA:124,2
DA:125,4
LF:44
LH:42
end_of_record
TN:
SF:lib/settings/linked_settings_tile.dart
FNF:0
FNH:0
DA:10,3
DA:26,3
DA:34,0
DA:55,0
DA:57,0
DA:58,0
DA:59,0
DA:60,0
DA:61,0
DA:62,0
DA:63,0
DA:70,0
DA:78,0
DA:99,0
DA:100,0
DA:113,0
DA:116,0
DA:117,0
DA:118,0
DA:120,0
DA:121,0
DA:122,0
DA:123,0
DA:124,0
DA:127,0
DA:132,0
DA:133,0
DA:135,0
DA:136,0
DA:139,0
DA:142,0
DA:144,0
DA:145,0
DA:146,0
DA:147,0
DA:148,0
DA:149,0
DA:150,0
DA:151,0
DA:152,0
DA:157,0
DA:158,0
DA:160,0
DA:161,0
DA:162,0
DA:163,0
DA:165,0
DA:170,0
DA:171,0
DA:172,0
DA:173,0
DA:174,0
DA:175,0
DA:177,0
DA:178,0
DA:179,0
DA:181,0
DA:188,0
DA:189,0
DA:193,0
DA:194,0
DA:196,0
DA:197,0
DA:198,0
DA:199,0
DA:200,0
DA:201,0
DA:203,0
DA:204,0
DA:206,0
DA:218,0
DA:220,0
DA:225,0
DA:226,0
DA:230,0
DA:233,0
DA:235,0
DA:236,0
DA:248,0
DA:249,0
DA:250,0
DA:251,0
DA:252,0
DA:253,0
DA:255,0
DA:256,0
DA:266,0
DA:268,0
DA:271,0
LF:89
LH:2
end_of_record
TN:
SF:lib/settings/location_search_widget.dart
FNF:0
FNH:0
DA:7,0
DA:15,0
DA:35,0
DA:36,0
DA:54,0
DA:56,0
DA:61,0
DA:63,0
DA:64,0
DA:65,0
DA:67,0
DA:71,0
DA:74,0
DA:75,0
DA:77,0
DA:80,0
DA:83,0
DA:85,0
DA:86,0
DA:87,0
DA:90,0
DA:91,0
DA:93,0
DA:94,0
DA:95,0
DA:100,0
DA:101,0
DA:102,0
DA:103,0
DA:104,0
DA:105,0
DA:106,0
DA:109,0
DA:110,0
DA:111,0
DA:116,0
DA:117,0
DA:118,0
DA:119,0
DA:120,0
DA:123,0
DA:124,0
DA:125,0
DA:136,0
DA:137,0
DA:138,0
DA:139,0
DA:140,0
DA:141,0
DA:142,0
DA:143,0
DA:144,0
DA:145,0
DA:147,0
DA:148,0
DA:149,0
DA:151,0
DA:153,0
DA:154,0
DA:155,0
DA:156,0
DA:163,0
DA:164,0
DA:166,0
DA:173,0
DA:174,0
DA:175,0
DA:177,0
DA:179,0
DA:180,0
DA:181,0
DA:183,0
DA:185,0
DA:186,0
DA:187,0
DA:190,0
DA:193,0
DA:205,0
DA:206,0
DA:207,0
DA:214,0
DA:225,0
DA:229,0
DA:230,0
DA:231,0
DA:234,0
DA:236,0
DA:239,0
DA:241,0
DA:243,0
DA:245,0
DA:246,0
DA:247,0
DA:251,0
DA:255,0
DA:256,0
DA:257,0
DA:258,0
DA:259,0
DA:260,0
DA:261,0
DA:262,0
DA:263,0
DA:264,0
DA:265,0
DA:266,0
DA:267,0
DA:268,0
DA:272,0
DA:273,0
DA:274,0
DA:278,0
DA:279,0
DA:280,0
DA:283,0
DA:286,0
DA:287,0
LF:117
LH:0
end_of_record
TN:
SF:lib/settings/notification_settings.dart
FNF:0
FNH:0
DA:11,3
DA:13,0
DA:14,0
DA:18,0
DA:20,0
DA:24,0
DA:25,0
DA:27,0
DA:28,0
DA:31,0
DA:33,0
DA:34,0
DA:37,0
DA:39,0
DA:40,0
DA:43,0
DA:45,0
DA:46,0
DA:49,0
DA:51,0
DA:52,0
DA:54,0
DA:65,0
DA:70,0
DA:74,0
DA:78,0
DA:82,0
DA:88,0
DA:90,0
DA:91,0
DA:95,0
DA:97,0
DA:98,0
DA:100,0
DA:101,0
DA:102,0
DA:103,0
DA:104,0
DA:105,0
DA:107,0
DA:108,0
DA:109,0
DA:112,0
DA:113,0
DA:123,0
DA:124,0
DA:126,0
DA:127,0
DA:128,0
DA:129,0
DA:130,0
LF:51
LH:1
end_of_record
TN:
SF:lib/settings/preference_settings.dart
FNF:0
FNH:0
DA:9,3
DA:11,0
DA:12,0
DA:18,0
DA:20,0
DA:24,0
DA:26,0
DA:28,0
DA:29,0
DA:30,0
DA:36,0
DA:46,0
DA:48,0
DA:49,0
DA:52,0
DA:58,0
DA:60,0
DA:61,0
DA:64,0
DA:70,0
DA:72,0
DA:73,0
DA:76,0
DA:87,0
DA:92,0
DA:93,0
DA:94,0
DA:96,0
DA:97,0
DA:98,0
DA:99,0
DA:104,0
DA:108,0
LF:33
LH:1
end_of_record
TN:
SF:lib/settings/settings.dart
FNF:0
FNH:0
DA:12,3
DA:14,2
DA:15,2
DA:19,2
DA:21,2
DA:22,2
DA:23,2
DA:37,2
DA:38,2
DA:39,2
DA:41,2
DA:42,2
DA:44,2
DA:59,2
DA:60,2
DA:61,2
DA:70,2
DA:74,2
DA:75,2
DA:77,2
DA:78,2
DA:81,0
DA:82,0
DA:84,0
DA:85,0
DA:87,0
DA:93,2
DA:96,0
DA:97,0
DA:99,0
DA:100,0
DA:108,2
DA:111,0
DA:112,0
DA:114,0
DA:115,0
DA:125,2
DA:127,2
DA:128,2
DA:130,0
DA:150,3
DA:151,0
DA:159,0
DA:160,0
DA:164,0
DA:166,0
DA:167,0
DA:168,0
DA:169,0
DA:182,0
LF:50
LH:27
end_of_record
TN:
SF:lib/settings/user_settings.dart
FNF:0
FNH:0
DA:5,0
DA:9,0
DA:11,0
DA:12,0
DA:13,0
DA:16,0
DA:17,0
DA:21,0
DA:22,0
LF:9
LH:0
end_of_record
TN:
SF:lib/util.dart
FNF:0
FNH:0
DA:13,4
DA:30,2
DA:31,2
DA:32,6
DA:38,2
DA:56,3
DA:57,6
DA:59,3
DA:61,3
DA:62,2
LF:10
LH:10
end_of_record
